Using pre-set license
Built from '2020.2/release' branch; Version is '2020.2.2f1 (068178b99f32) revision 426360'; Using compiler version '192528614'; Build Type 'Release'
OS: 'Windows 10 Pro; OS build 18363.1379; Version 1909; 64bit' Language: 'en' Physical Memory: 8119 MB
BatchMode: 1, IsHumanControllingUs: 0, StartBugReporterOnCrash: 0, Is64bit: 1, IsPro: 0

 COMMAND LINE ARGUMENTS:
C:\Users\Denis\Desktop\2020.2.2f1\Editor\Unity.exe
-adb2
-batchMode
-noUpm
-name
AssetImportWorker0
-projectPath
C:/Users/Denis/Mayan Temple
-logFile
Logs/AssetImportWorker0.log
-srvPort
51777
Successfully changed project path to: C:/Users/Denis/Mayan Temple
C:/Users/Denis/Mayan Temple
Using Asset Import Pipeline V2.
Refreshing native plugins compatible for Editor in 96.11 ms, found 0 plugins.
Preloading 0 native plugins for Editor in 0.00 ms.
Initialize engine version: 2020.2.2f1 (068178b99f32)
[Subsystems] Discovering subsystems at path C:/Users/Denis/Desktop/2020.2.2f1/Editor/Data/Resources/UnitySubsystems
[Subsystems] Discovering subsystems at path C:/Users/Denis/Mayan Temple/Assets
GfxDevice: creating device client; threaded=0
Direct3D:
    Version:  Direct3D 11.0 [level 11.1]
    Renderer: Radeon RX 590 Series (ID=0x67df)
    Vendor:   
    VRAM:     8171 MB
    Driver:   27.20.14501.28009
Initialize mono
Mono path[0] = 'C:/Users/Denis/Desktop/2020.2.2f1/Editor/Data/Managed'
Mono path[1] = 'C:/Users/Denis/Desktop/2020.2.2f1/Editor/Data/MonoBleedingEdge/lib/mono/unityjit'
Mono config path = 'C:/Users/Denis/Desktop/2020.2.2f1/Editor/Data/MonoBleedingEdge/etc'
Using monoOptions --debugger-agent=transport=dt_socket,embedding=1,server=y,suspend=n,address=127.0.0.1:56552
Begin MonoManager ReloadAssembly
Registering precompiled unity dll's ...
Register platform support module: C:/Users/Denis/Desktop/2020.2.2f1/Editor/Data/PlaybackEngines/WebGLSupport/UnityEditor.WebGL.Extensions.dll
Register platform support module: C:/Users/Denis/Desktop/2020.2.2f1/Editor/Data/PlaybackEngines/WindowsStandaloneSupport/UnityEditor.WindowsStandalone.Extensions.dll
Registered in 0.011951 seconds.
Native extension for WindowsStandalone target not found
Native extension for WebGL target not found
Refreshing native plugins compatible for Editor in 99.85 ms, found 0 plugins.
Preloading 0 native plugins for Editor in 0.00 ms.
Invoked RoslynAnalysisRunner static constructor.
RoslynAnalysisRunner will not be running.
RoslynAnalysisRunner has terminated.
Mono: successfully reloaded assembly
- Completed reload, in  3.053 seconds
Platform modules already initialized, skipping
Registering precompiled user dll's ...
Registered in 0.005169 seconds.
Begin MonoManager ReloadAssembly
Native extension for WindowsStandalone target not found
Native extension for WebGL target not found
Refreshing native plugins compatible for Editor in 99.49 ms, found 0 plugins.
Preloading 0 native plugins for Editor in 0.00 ms.
Invoked RoslynAnalysisRunner static constructor.
RoslynAnalysisRunner will not be running.
RoslynAnalysisRunner has terminated.
Mono: successfully reloaded assembly
- Completed reload, in  1.987 seconds
Platform modules already initialized, skipping
========================================================================
Worker process is ready to serve import requests
Launched and connected shader compiler UnityShaderCompiler.exe after 0.10 seconds
Refreshing native plugins compatible for Editor in 0.82 ms, found 0 plugins.
Preloading 0 native plugins for Editor in 0.00 ms.
Unloading 2635 Unused Serialized files (Serialized files now loaded: 0)
System memory in use before: 214.5 MB.
System memory in use after: 214.3 MB.

Unloading 13 unused Assets to reduce memory usage. Loaded Objects now: 3112.
Total: 4.388600 ms (FindLiveObjects: 0.433900 ms CreateObjectMapping: 0.165100 ms MarkObjects: 3.082800 ms  DeleteObjects: 0.705000 ms)

========================================================================
Received Import Request.
  path: Assets/New Terrain.asset
  artifactKey: Guid(f4f286ad1e37b2d47b6b4fd02f33b4c9) Importer(815301076,1909f56bfc062723c751e8b465ee728b)
Start importing Assets/New Terrain.asset using Guid(f4f286ad1e37b2d47b6b4fd02f33b4c9) Importer(815301076,1909f56bfc062723c751e8b465ee728b)  -> (artifact id: '565386a1259d1f435b75f3bacd9b255e') in 0.204094 seconds
  Import took 0.212144 seconds .

========================================================================
Received Import Request.
  Time since last request: 2.433854 seconds.
  path: Assets/SurfaceTextures/wall/Asphalt016_4K_Color.jpg
  artifactKey: Guid(0d1e5676b887b3f4cb435bf512a3384b) Importer(815301076,1909f56bfc062723c751e8b465ee728b)
Start importing Assets/SurfaceTextures/wall/Asphalt016_4K_Color.jpg using Guid(0d1e5676b887b3f4cb435bf512a3384b) Importer(815301076,1909f56bfc062723c751e8b465ee728b)  -> (artifact id: '39f59d48ad26951180b691836f02f99d') in 0.195859 seconds
  Import took 0.202381 seconds .

========================================================================
Received Import Request.
  Time since last request: 0.000347 seconds.
  path: Assets/Standard Assets/Environment/SpeedTree/Broadleaf/Broadleaf_Desktop_Atlas_Billboards_Normal.tga
  artifactKey: Guid(0ec79c3d1dd0fb640b7f3f72ebb28f74) Importer(815301076,1909f56bfc062723c751e8b465ee728b)
Start importing Assets/Standard Assets/Environment/SpeedTree/Broadleaf/Broadleaf_Desktop_Atlas_Billboards_Normal.tga using Guid(0ec79c3d1dd0fb640b7f3f72ebb28f74) Importer(815301076,1909f56bfc062723c751e8b465ee728b)  -> (artifact id: '9003f94f335548bccb1db1360fdd0faa') in 0.067910 seconds
  Import took 0.074297 seconds .

========================================================================
Received Import Request.
  Time since last request: 0.000378 seconds.
  path: Assets/Standard Assets/Environment/SpeedTree/Broadleaf/Broadleaf_Desktop_Atlas_Billboards.tga
  artifactKey: Guid(951aab9a19f551f4385d0ceafdaf19b4) Importer(815301076,1909f56bfc062723c751e8b465ee728b)
Start importing Assets/Standard Assets/Environment/SpeedTree/Broadleaf/Broadleaf_Desktop_Atlas_Billboards.tga using Guid(951aab9a19f551f4385d0ceafdaf19b4) Importer(815301076,1909f56bfc062723c751e8b465ee728b)  -> (artifact id: '189ff7a0a57c25159e6238cdb524463a') in 0.031311 seconds
  Import took 0.038041 seconds .

========================================================================
Received Import Request.
  Time since last request: 0.000361 seconds.
  path: Assets/Standard Assets/Environment/SpeedTree/Broadleaf/Broadleaf_Desktop_Atlas_Normal.tga
  artifactKey: Guid(b552931caa1b3ea418b9ba90cbd1333e) Importer(815301076,1909f56bfc062723c751e8b465ee728b)
Start importing Assets/Standard Assets/Environment/SpeedTree/Broadleaf/Broadleaf_Desktop_Atlas_Normal.tga using Guid(b552931caa1b3ea418b9ba90cbd1333e) Importer(815301076,1909f56bfc062723c751e8b465ee728b)  -> (artifact id: '09734f3ec09920aed5f83d17367ff97f') in 0.032178 seconds
  Import took 0.038870 seconds .

========================================================================
Received Import Request.
  Time since last request: 0.000341 seconds.
  path: Assets/SurfaceTextures/wall/Asphalt016_4K_Roughness.jpg
  artifactKey: Guid(15b37f1cf2cd9d0478f30b05bc8502ff) Importer(815301076,1909f56bfc062723c751e8b465ee728b)
Start importing Assets/SurfaceTextures/wall/Asphalt016_4K_Roughness.jpg using Guid(15b37f1cf2cd9d0478f30b05bc8502ff) Importer(815301076,1909f56bfc062723c751e8b465ee728b)  -> (artifact id: 'f2a5b215fe19771bb97f4610c5745031') in 0.034151 seconds
  Import took 0.041072 seconds .

========================================================================
Received Import Request.
  Time since last request: 0.000363 seconds.
  path: Assets/SurfaceTextures/wall/Asphalt016_4K_Normal.jpg
  artifactKey: Guid(376f93f31538d4641a0ef617a0f58987) Importer(815301076,1909f56bfc062723c751e8b465ee728b)
Start importing Assets/SurfaceTextures/wall/Asphalt016_4K_Normal.jpg using Guid(376f93f31538d4641a0ef617a0f58987) Importer(815301076,1909f56bfc062723c751e8b465ee728b)  -> (artifact id: 'aa1295a9d20a9acb3274c1bab9840147') in 0.044718 seconds
  Import took 0.051449 seconds .

========================================================================
Received Import Request.
  Time since last request: 0.000342 seconds.
  path: Assets/Standard Assets/Environment/SpeedTree/Broadleaf/Broadleaf_Desktop_Atlas.tga
  artifactKey: Guid(d20e5329bb2905844a1ae38b80640d3f) Importer(815301076,1909f56bfc062723c751e8b465ee728b)
Start importing Assets/Standard Assets/Environment/SpeedTree/Broadleaf/Broadleaf_Desktop_Atlas.tga using Guid(d20e5329bb2905844a1ae38b80640d3f) Importer(815301076,1909f56bfc062723c751e8b465ee728b)  -> (artifact id: 'cacd329fddbef59ff85c481602197f1e') in 0.032566 seconds
  Import took 0.039120 seconds .

========================================================================
Received Import Request.
  Time since last request: 0.000382 seconds.
  path: Assets/SurfaceTextures/wall/Asphalt016_4K_Displacement.jpg
  artifactKey: Guid(db7d1d155094d6549882ee89ee0169b7) Importer(815301076,1909f56bfc062723c751e8b465ee728b)
Start importing Assets/SurfaceTextures/wall/Asphalt016_4K_Displacement.jpg using Guid(db7d1d155094d6549882ee89ee0169b7) Importer(815301076,1909f56bfc062723c751e8b465ee728b)  -> (artifact id: '650243f1a3d6a52af6636f19ab74eabc') in 0.032151 seconds
  Import took 0.039253 seconds .

========================================================================
Received Import Request.
  Time since last request: 11.081446 seconds.
  path: Assets/Stylized Grass
  artifactKey: Guid(41be34864d80648408563c967e3f006b) Importer(815301076,1909f56bfc062723c751e8b465ee728b)
Start importing Assets/Stylized Grass using Guid(41be34864d80648408563c967e3f006b) Importer(815301076,1909f56bfc062723c751e8b465ee728b)  -> (artifact id: '27e904e21dd4b24bc348134dc34315e5') in 0.014945 seconds
  Import took 0.022207 seconds .

========================================================================
Received Import Request.
  Time since last request: 0.054640 seconds.
  path: Assets/Stylized Grass/Grass.prefab
  artifactKey: Guid(1cd095e184fbe8d4ea06a197c045f32f) Importer(815301076,1909f56bfc062723c751e8b465ee728b)
Start importing Assets/Stylized Grass/Grass.prefab using Guid(1cd095e184fbe8d4ea06a197c045f32f) Importer(815301076,1909f56bfc062723c751e8b465ee728b)  -> (artifact id: '389b90790d5434f8a2a18c2b8f90640d') in 0.088611 seconds
  Import took 0.095919 seconds .

========================================================================
Received Import Request.
  Time since last request: 9.114892 seconds.
  path: Assets/Stylized Grass/Textures
  artifactKey: Guid(22170d56df19e38428c4018c1dbc7fb1) Importer(815301076,1909f56bfc062723c751e8b465ee728b)
Start importing Assets/Stylized Grass/Textures using Guid(22170d56df19e38428c4018c1dbc7fb1) Importer(815301076,1909f56bfc062723c751e8b465ee728b)  -> (artifact id: '53920639e5466a8546b7c1aa06483ed7') in 0.019228 seconds
  Import took 0.026056 seconds .

========================================================================
Received Import Request.
  Time since last request: 0.069003 seconds.
  path: Assets/Stylized Grass/Textures/GrassDetail.TGA
  artifactKey: Guid(e23acf028d37ae44fa7bec2d5ec56ec5) Importer(815301076,1909f56bfc062723c751e8b465ee728b)
Start importing Assets/Stylized Grass/Textures/GrassDetail.TGA using Guid(e23acf028d37ae44fa7bec2d5ec56ec5) Importer(815301076,1909f56bfc062723c751e8b465ee728b)  -> (artifact id: '0edfd8c1f4a05a5a588d46e04d85bbbf') in 0.035546 seconds
  Import took 0.042373 seconds .

========================================================================
Received Import Request.
  Time since last request: 0.000349 seconds.
  path: Assets/Stylized Grass/Textures/TerrainGrasTex.png
  artifactKey: Guid(db3a801ffe8905a41bbc04c2a434a848) Importer(815301076,1909f56bfc062723c751e8b465ee728b)
Start importing Assets/Stylized Grass/Textures/TerrainGrasTex.png using Guid(db3a801ffe8905a41bbc04c2a434a848) Importer(815301076,1909f56bfc062723c751e8b465ee728b)  -> (artifact id: 'efbb702b4d878481eb0313f70686251e') in 0.030981 seconds
  Import took 0.037469 seconds .

========================================================================
Received Import Request.
  Time since last request: 0.000385 seconds.
  path: Assets/Stylized Grass/Textures/GrassOpacity.TGA
  artifactKey: Guid(77b441d0dc1ef6b4db79071380cc4f96) Importer(815301076,1909f56bfc062723c751e8b465ee728b)
Start importing Assets/Stylized Grass/Textures/GrassOpacity.TGA using Guid(77b441d0dc1ef6b4db79071380cc4f96) Importer(815301076,1909f56bfc062723c751e8b465ee728b)  -> (artifact id: 'dba34af1744fc7c7217b4d2cd77a4ff7') in 0.039526 seconds
  Import took 0.046408 seconds .

========================================================================
Received Import Request.
  Time since last request: 54.666447 seconds.
  path: Assets/Stylized Grass/Mesh/Grass.FBX
  artifactKey: Guid(ba3d8de931dd1104592d82253f14837b) Importer(815301076,1909f56bfc062723c751e8b465ee728b)
Start importing Assets/Stylized Grass/Mesh/Grass.FBX using Guid(ba3d8de931dd1104592d82253f14837b) Importer(815301076,1909f56bfc062723c751e8b465ee728b)  -> (artifact id: '03e89d57d65646005a2becff3f0d339a') in 0.135177 seconds
  Import took 0.142261 seconds .

========================================================================
Received Import Request.
  Time since last request: 12.183758 seconds.
  path: Assets/Stylized Grass/Materials/MatGrass.mat
  artifactKey: Guid(6e57fd7aaf33635488e384fb42c3cd6c) Importer(815301076,1909f56bfc062723c751e8b465ee728b)
Start importing Assets/Stylized Grass/Materials/MatGrass.mat using Guid(6e57fd7aaf33635488e384fb42c3cd6c) Importer(815301076,1909f56bfc062723c751e8b465ee728b)  -> (artifact id: '9c90f2c876645de6e8b697b2b06d0fb4') in 0.072209 seconds
  Import took 0.079300 seconds .

========================================================================
Received Import Request.
  Time since last request: 0.000348 seconds.
  path: Assets/Stylized Grass/Materials/MatGrass_LOD1.mat
  artifactKey: Guid(4d89941a86e3849458607b88d5ac379e) Importer(815301076,1909f56bfc062723c751e8b465ee728b)
Start importing Assets/Stylized Grass/Materials/MatGrass_LOD1.mat using Guid(4d89941a86e3849458607b88d5ac379e) Importer(815301076,1909f56bfc062723c751e8b465ee728b)  -> (artifact id: 'a59888ea66f052368745e78f7a2123a6') in 0.027910 seconds
  Import took 0.034329 seconds .

========================================================================
Received Prepare
Registering precompiled user dll's ...
Registered in 0.004751 seconds.
Begin MonoManager ReloadAssembly
Native extension for WindowsStandalone target not found
Native extension for WebGL target not found
Refreshing native plugins compatible for Editor in 0.82 ms, found 0 plugins.
Preloading 0 native plugins for Editor in 0.00 ms.
Invoked RoslynAnalysisRunner static constructor.
RoslynAnalysisRunner will not be running.
RoslynAnalysisRunner has terminated.
Mono: successfully reloaded assembly
- Completed reload, in  1.738 seconds
Platform modules already initialized, skipping
Refreshing native plugins compatible for Editor in 0.79 ms, found 0 plugins.
Preloading 0 native plugins for Editor in 0.00 ms.
Unloading 2575 Unused Serialized files (Serialized files now loaded: 0)
System memory in use before: 214.7 MB.
System memory in use after: 214.6 MB.

Unloading 10 unused Assets to reduce memory usage. Loaded Objects now: 3160.
Total: 3.902800 ms (FindLiveObjects: 0.430800 ms CreateObjectMapping: 0.135800 ms MarkObjects: 2.714400 ms  DeleteObjects: 0.619900 ms)

========================================================================
Received Import Request.
  Time since last request: 27.909030 seconds.
  path: Assets/Standard Assets/Environment/TerrainAssets
  artifactKey: Guid(7e6f84bf81c8d4de280f1133cff7e601) Importer(815301076,1909f56bfc062723c751e8b465ee728b)
Start importing Assets/Standard Assets/Environment/TerrainAssets using Guid(7e6f84bf81c8d4de280f1133cff7e601) Importer(815301076,1909f56bfc062723c751e8b465ee728b)  -> (artifact id: 'a9fc2f9745b29065166e3a64dbd6dff4') in 0.020319 seconds
  Import took 0.026898 seconds .

========================================================================
Received Import Request.
  Time since last request: 1.245619 seconds.
  path: Assets/Standard Assets/Environment/TerrainAssets/BillboardTextures
  artifactKey: Guid(cba4562cece794697b418ce8e7c04b3c) Importer(815301076,1909f56bfc062723c751e8b465ee728b)
Start importing Assets/Standard Assets/Environment/TerrainAssets/BillboardTextures using Guid(cba4562cece794697b418ce8e7c04b3c) Importer(815301076,1909f56bfc062723c751e8b465ee728b)  -> (artifact id: '366655c2c2d8c89f996a25c82d698790') in 0.014512 seconds
  Import took 0.025052 seconds .

========================================================================
Received Import Request.
  Time since last request: 0.158443 seconds.
  path: Assets/Standard Assets/Environment/TerrainAssets/BillboardTextures/GrassFrond01AlbedoAlpha.psd
  artifactKey: Guid(2c528fec5d95e4ac28cf46399b887662) Importer(815301076,1909f56bfc062723c751e8b465ee728b)
Start importing Assets/Standard Assets/Environment/TerrainAssets/BillboardTextures/GrassFrond01AlbedoAlpha.psd using Guid(2c528fec5d95e4ac28cf46399b887662) Importer(815301076,1909f56bfc062723c751e8b465ee728b)  -> (artifact id: 'a77406266d4b7f5e5011f1ae5a097f60') in 0.080256 seconds
  Import took 0.087150 seconds .

========================================================================
Received Import Request.
  Time since last request: 0.000369 seconds.
  path: Assets/Standard Assets/Environment/TerrainAssets/BillboardTextures/GrassFrond02AlbedoAlpha.psd
  artifactKey: Guid(d6cdc79ec19714fcd980ca3f6ac01a0a) Importer(815301076,1909f56bfc062723c751e8b465ee728b)
Start importing Assets/Standard Assets/Environment/TerrainAssets/BillboardTextures/GrassFrond02AlbedoAlpha.psd using Guid(d6cdc79ec19714fcd980ca3f6ac01a0a) Importer(815301076,1909f56bfc062723c751e8b465ee728b)  -> (artifact id: 'c983dbfa2260f7562c59697fe4df3dcb') in 0.037862 seconds
  Import took 0.043765 seconds .

========================================================================
Received Prepare
Registering precompiled user dll's ...
Registered in 0.009919 seconds.
Begin MonoManager ReloadAssembly
Native extension for WindowsStandalone target not found
Native extension for WebGL target not found
Refreshing native plugins compatible for Editor in 0.98 ms, found 0 plugins.
Preloading 0 native plugins for Editor in 0.00 ms.
Invoked RoslynAnalysisRunner static constructor.
RoslynAnalysisRunner will not be running.
RoslynAnalysisRunner has terminated.
Mono: successfully reloaded assembly
- Completed reload, in  1.765 seconds
Platform modules already initialized, skipping
Refreshing native plugins compatible for Editor in 0.80 ms, found 0 plugins.
Preloading 0 native plugins for Editor in 0.00 ms.
Unloading 2575 Unused Serialized files (Serialized files now loaded: 0)
System memory in use before: 214.8 MB.
System memory in use after: 214.6 MB.

Unloading 8 unused Assets to reduce memory usage. Loaded Objects now: 3162.
Total: 4.186500 ms (FindLiveObjects: 0.486800 ms CreateObjectMapping: 0.139300 ms MarkObjects: 2.832800 ms  DeleteObjects: 0.726100 ms)

========================================================================
Received Prepare
Registering precompiled user dll's ...
Registered in 0.004902 seconds.
Begin MonoManager ReloadAssembly
Native extension for WindowsStandalone target not found
Native extension for WebGL target not found
Refreshing native plugins compatible for Editor in 0.79 ms, found 0 plugins.
Preloading 0 native plugins for Editor in 0.00 ms.
Invoked RoslynAnalysisRunner static constructor.
RoslynAnalysisRunner will not be running.
RoslynAnalysisRunner has terminated.
Mono: successfully reloaded assembly
- Completed reload, in  1.894 seconds
Platform modules already initialized, skipping
Refreshing native plugins compatible for Editor in 0.85 ms, found 0 plugins.
Preloading 0 native plugins for Editor in 0.00 ms.
Unloading 2575 Unused Serialized files (Serialized files now loaded: 0)
System memory in use before: 214.8 MB.
System memory in use after: 214.6 MB.

Unloading 8 unused Assets to reduce memory usage. Loaded Objects now: 3164.
Total: 4.090700 ms (FindLiveObjects: 0.431500 ms CreateObjectMapping: 0.131700 ms MarkObjects: 2.777100 ms  DeleteObjects: 0.748700 ms)

========================================================================
Received Prepare
Refreshing native plugins compatible for Editor in 11.83 ms, found 0 plugins.
Preloading 0 native plugins for Editor in 0.00 ms.
Unloading 6 Unused Serialized files (Serialized files now loaded: 0)
System memory in use before: 164.1 MB.
System memory in use after: 164.0 MB.

Unloading 6 unused Assets to reduce memory usage. Loaded Objects now: 3164.
Total: 20.398800 ms (FindLiveObjects: 1.114300 ms CreateObjectMapping: 0.407700 ms MarkObjects: 16.862600 ms  DeleteObjects: 2.007900 ms)

AssetImportWorkerClient::OnTransportError - code=2 error=End of file
