Using pre-set license
Built from '2020.2/release' branch; Version is '2020.2.2f1 (068178b99f32) revision 426360'; Using compiler version '192528614'; Build Type 'Release'
OS: 'Windows 10 Pro; OS build 18363.1379; Version 1909; 64bit' Language: 'en' Physical Memory: 8119 MB
BatchMode: 1, IsHumanControllingUs: 0, StartBugReporterOnCrash: 0, Is64bit: 1, IsPro: 0

 COMMAND LINE ARGUMENTS:
C:\Users\Denis\Desktop\2020.2.2f1\Editor\Unity.exe
-adb2
-batchMode
-noUpm
-name
AssetImportWorker0
-projectPath
C:/Users/Denis/Mayan Temple
-logFile
Logs/AssetImportWorker0.log
-srvPort
52156
Successfully changed project path to: C:/Users/Denis/Mayan Temple
C:/Users/Denis/Mayan Temple
Using Asset Import Pipeline V2.
Refreshing native plugins compatible for Editor in 99.77 ms, found 0 plugins.
Preloading 0 native plugins for Editor in 0.00 ms.
Initialize engine version: 2020.2.2f1 (068178b99f32)
[Subsystems] Discovering subsystems at path C:/Users/Denis/Desktop/2020.2.2f1/Editor/Data/Resources/UnitySubsystems
[Subsystems] Discovering subsystems at path C:/Users/Denis/Mayan Temple/Assets
GfxDevice: creating device client; threaded=0
Direct3D:
    Version:  Direct3D 11.0 [level 11.1]
    Renderer: Radeon RX 590 Series (ID=0x67df)
    Vendor:   
    VRAM:     8171 MB
    Driver:   27.20.14501.28009
Initialize mono
Mono path[0] = 'C:/Users/Denis/Desktop/2020.2.2f1/Editor/Data/Managed'
Mono path[1] = 'C:/Users/Denis/Desktop/2020.2.2f1/Editor/Data/MonoBleedingEdge/lib/mono/unityjit'
Mono config path = 'C:/Users/Denis/Desktop/2020.2.2f1/Editor/Data/MonoBleedingEdge/etc'
Using monoOptions --debugger-agent=transport=dt_socket,embedding=1,server=y,suspend=n,address=127.0.0.1:56356
Begin MonoManager ReloadAssembly
Registering precompiled unity dll's ...
Register platform support module: C:/Users/Denis/Desktop/2020.2.2f1/Editor/Data/PlaybackEngines/WebGLSupport/UnityEditor.WebGL.Extensions.dll
Register platform support module: C:/Users/Denis/Desktop/2020.2.2f1/Editor/Data/PlaybackEngines/WindowsStandaloneSupport/UnityEditor.WindowsStandalone.Extensions.dll
Registered in 0.012146 seconds.
Native extension for WindowsStandalone target not found
Native extension for WebGL target not found
Refreshing native plugins compatible for Editor in 98.69 ms, found 0 plugins.
Preloading 0 native plugins for Editor in 0.00 ms.
Invoked RoslynAnalysisRunner static constructor.
RoslynAnalysisRunner will not be running.
RoslynAnalysisRunner has terminated.
Mono: successfully reloaded assembly
- Completed reload, in  3.114 seconds
Platform modules already initialized, skipping
Registering precompiled user dll's ...
Registered in 0.005306 seconds.
Begin MonoManager ReloadAssembly
Native extension for WindowsStandalone target not found
Native extension for WebGL target not found
Refreshing native plugins compatible for Editor in 100.86 ms, found 0 plugins.
Preloading 0 native plugins for Editor in 0.00 ms.
Invoked RoslynAnalysisRunner static constructor.
RoslynAnalysisRunner will not be running.
RoslynAnalysisRunner has terminated.
Mono: successfully reloaded assembly
- Completed reload, in  2.006 seconds
Platform modules already initialized, skipping
========================================================================
Worker process is ready to serve import requests
Launched and connected shader compiler UnityShaderCompiler.exe after 0.09 seconds
Refreshing native plugins compatible for Editor in 0.88 ms, found 0 plugins.
Preloading 0 native plugins for Editor in 0.00 ms.
Unloading 2634 Unused Serialized files (Serialized files now loaded: 0)
System memory in use before: 216.0 MB.
System memory in use after: 215.8 MB.

Unloading 13 unused Assets to reduce memory usage. Loaded Objects now: 3111.
Total: 4.287400 ms (FindLiveObjects: 0.490700 ms CreateObjectMapping: 0.139000 ms MarkObjects: 2.952100 ms  DeleteObjects: 0.703800 ms)

========================================================================
Received Import Request.
  path: Assets/New Terrain.asset
  artifactKey: Guid(f4f286ad1e37b2d47b6b4fd02f33b4c9) Importer(815301076,1909f56bfc062723c751e8b465ee728b)
Start importing Assets/New Terrain.asset using Guid(f4f286ad1e37b2d47b6b4fd02f33b4c9) Importer(815301076,1909f56bfc062723c751e8b465ee728b)  -> (artifact id: '2859d68585348eb0a053a024756c6f76') in 0.222409 seconds
  Import took 0.233244 seconds .

========================================================================
Received Import Request.
  Time since last request: 1755.153058 seconds.
  path: Assets/CC.asset
  artifactKey: Guid(a0348e581b346dd4883f3af90703287d) Importer(815301076,1909f56bfc062723c751e8b465ee728b)
Start importing Assets/CC.asset using Guid(a0348e581b346dd4883f3af90703287d) Importer(815301076,1909f56bfc062723c751e8b465ee728b)  -> (artifact id: '0e4e5d8e764fe7eeebf1e76277c822a5') in 0.050968 seconds
  Import took 0.058259 seconds .

========================================================================
Received Import Request.
  Time since last request: 219.113285 seconds.
  path: ProjectSettings/TagManager.asset
  artifactKey: Guid(00000000000000003000000000000000) Importer(815301076,1909f56bfc062723c751e8b465ee728b)
Start importing ProjectSettings/TagManager.asset using Guid(00000000000000003000000000000000) Importer(815301076,1909f56bfc062723c751e8b465ee728b)  -> (artifact id: '3f229e356069a4846721e72746f8a735') in 0.016875 seconds
  Import took 0.024146 seconds .

========================================================================
Received Import Request.
  Time since last request: 253.275915 seconds.
  path: Assets/CC.asset
  artifactKey: Guid(a0348e581b346dd4883f3af90703287d) Importer(815301076,1909f56bfc062723c751e8b465ee728b)
Start importing Assets/CC.asset using Guid(a0348e581b346dd4883f3af90703287d) Importer(815301076,1909f56bfc062723c751e8b465ee728b)  -> (artifact id: '9a7c3d1eb1f2aa14bdefa533113c3241') in 0.010728 seconds
  Import took 0.019183 seconds .

========================================================================
Received Import Request.
  Time since last request: 3.288921 seconds.
  path: Assets/CC.asset
  artifactKey: Guid(a0348e581b346dd4883f3af90703287d) Importer(815301076,1909f56bfc062723c751e8b465ee728b)
Start importing Assets/CC.asset using Guid(a0348e581b346dd4883f3af90703287d) Importer(815301076,1909f56bfc062723c751e8b465ee728b)  -> (artifact id: '77df35e3626e6b2493b14c98c207a1c1') in 0.010447 seconds
  Import took 0.018419 seconds .

========================================================================
Received Import Request.
  Time since last request: 2.799149 seconds.
  path: Assets/CC.asset
  artifactKey: Guid(a0348e581b346dd4883f3af90703287d) Importer(815301076,1909f56bfc062723c751e8b465ee728b)
Start importing Assets/CC.asset using Guid(a0348e581b346dd4883f3af90703287d) Importer(815301076,1909f56bfc062723c751e8b465ee728b)  -> (artifact id: '8b152478907c48dc66b74b5809d54ff4') in 0.010144 seconds
  Import took 0.018283 seconds .

========================================================================
Received Import Request.
  Time since last request: 7.695666 seconds.
  path: Assets/CC.asset
  artifactKey: Guid(a0348e581b346dd4883f3af90703287d) Importer(815301076,1909f56bfc062723c751e8b465ee728b)
Start importing Assets/CC.asset using Guid(a0348e581b346dd4883f3af90703287d) Importer(815301076,1909f56bfc062723c751e8b465ee728b)  -> (artifact id: 'a67fa40ad16b985e4b1dc9e0161c43d8') in 0.010340 seconds
  Import took 0.017741 seconds .

========================================================================
Received Import Request.
  Time since last request: 11.934432 seconds.
  path: Assets/CC.asset
  artifactKey: Guid(a0348e581b346dd4883f3af90703287d) Importer(815301076,1909f56bfc062723c751e8b465ee728b)
Start importing Assets/CC.asset using Guid(a0348e581b346dd4883f3af90703287d) Importer(815301076,1909f56bfc062723c751e8b465ee728b)  -> (artifact id: '3022666a01ed2d8969b233aa2e4ead4f') in 0.014013 seconds
  Import took 0.021648 seconds .

========================================================================
Received Prepare
Registering precompiled user dll's ...
Registered in 0.004927 seconds.
Begin MonoManager ReloadAssembly
Native extension for WindowsStandalone target not found
Native extension for WebGL target not found
Refreshing native plugins compatible for Editor in 1.02 ms, found 0 plugins.
Preloading 0 native plugins for Editor in 0.00 ms.
Invoked RoslynAnalysisRunner static constructor.
RoslynAnalysisRunner will not be running.
RoslynAnalysisRunner has terminated.
Mono: successfully reloaded assembly
- Completed reload, in  2.013 seconds
Platform modules already initialized, skipping
Refreshing native plugins compatible for Editor in 0.94 ms, found 0 plugins.
Preloading 0 native plugins for Editor in 0.00 ms.
Unloading 2575 Unused Serialized files (Serialized files now loaded: 0)
System memory in use before: 212.8 MB.
System memory in use after: 212.6 MB.

Unloading 9 unused Assets to reduce memory usage. Loaded Objects now: 3115.
Total: 5.523500 ms (FindLiveObjects: 0.493100 ms CreateObjectMapping: 0.133900 ms MarkObjects: 4.215800 ms  DeleteObjects: 0.678500 ms)

========================================================================
Received Import Request.
  Time since last request: 111.887414 seconds.
  path: Assets/CC.asset
  artifactKey: Guid(a0348e581b346dd4883f3af90703287d) Importer(815301076,1909f56bfc062723c751e8b465ee728b)
Start importing Assets/CC.asset using Guid(a0348e581b346dd4883f3af90703287d) Importer(815301076,1909f56bfc062723c751e8b465ee728b)  -> (artifact id: 'c5de7f5a0c0eb8a4f471a9ddd0f4be09') in 0.048789 seconds
  Import took 0.058016 seconds .

========================================================================
Received Prepare
Registering precompiled user dll's ...
Registered in 0.005109 seconds.
Begin MonoManager ReloadAssembly
Native extension for WindowsStandalone target not found
Native extension for WebGL target not found
Refreshing native plugins compatible for Editor in 0.82 ms, found 0 plugins.
Preloading 0 native plugins for Editor in 0.00 ms.
Invoked RoslynAnalysisRunner static constructor.
RoslynAnalysisRunner will not be running.
RoslynAnalysisRunner has terminated.
Mono: successfully reloaded assembly
- Completed reload, in  1.801 seconds
Platform modules already initialized, skipping
Refreshing native plugins compatible for Editor in 0.79 ms, found 0 plugins.
Preloading 0 native plugins for Editor in 0.00 ms.
Unloading 2575 Unused Serialized files (Serialized files now loaded: 0)
System memory in use before: 212.8 MB.
System memory in use after: 212.7 MB.

Unloading 8 unused Assets to reduce memory usage. Loaded Objects now: 3117.
Total: 4.535000 ms (FindLiveObjects: 0.490700 ms CreateObjectMapping: 0.132500 ms MarkObjects: 3.110400 ms  DeleteObjects: 0.799500 ms)

========================================================================
Received Prepare
Registering precompiled user dll's ...
Registered in 0.005486 seconds.
Begin MonoManager ReloadAssembly
Native extension for WindowsStandalone target not found
Native extension for WebGL target not found
Refreshing native plugins compatible for Editor in 1.20 ms, found 0 plugins.
Preloading 0 native plugins for Editor in 0.00 ms.
Invoked RoslynAnalysisRunner static constructor.
RoslynAnalysisRunner will not be running.
RoslynAnalysisRunner has terminated.
Mono: successfully reloaded assembly
- Completed reload, in  1.925 seconds
Platform modules already initialized, skipping
Refreshing native plugins compatible for Editor in 0.88 ms, found 0 plugins.
Preloading 0 native plugins for Editor in 0.00 ms.
Unloading 2575 Unused Serialized files (Serialized files now loaded: 0)
System memory in use before: 212.8 MB.
System memory in use after: 212.7 MB.

Unloading 8 unused Assets to reduce memory usage. Loaded Objects now: 3119.
Total: 5.066400 ms (FindLiveObjects: 0.589600 ms CreateObjectMapping: 0.152700 ms MarkObjects: 3.367000 ms  DeleteObjects: 0.954600 ms)

========================================================================
Received Import Request.
  Time since last request: 429.299154 seconds.
  path: Assets/CC.asset
  artifactKey: Guid(a0348e581b346dd4883f3af90703287d) Importer(815301076,1909f56bfc062723c751e8b465ee728b)
Start importing Assets/CC.asset using Guid(a0348e581b346dd4883f3af90703287d) Importer(815301076,1909f56bfc062723c751e8b465ee728b)  -> (artifact id: '1ba8da2c170f57b79234ef3b52f4ab35') in 0.047488 seconds
  Import took 0.056439 seconds .

========================================================================
Received Import Request.
  Time since last request: 3.785070 seconds.
  path: Assets/CC.asset
  artifactKey: Guid(a0348e581b346dd4883f3af90703287d) Importer(815301076,1909f56bfc062723c751e8b465ee728b)
Start importing Assets/CC.asset using Guid(a0348e581b346dd4883f3af90703287d) Importer(815301076,1909f56bfc062723c751e8b465ee728b)  -> (artifact id: '023dbfa8cefdf41b06d8f73bed9055b0') in 0.026285 seconds
  Import took 0.033452 seconds .

========================================================================
Received Import Request.
  Time since last request: 0.024870 seconds.
  path: Assets/CC.asset
  artifactKey: Guid(a0348e581b346dd4883f3af90703287d) Importer(815301076,1909f56bfc062723c751e8b465ee728b)
Start importing Assets/CC.asset using Guid(a0348e581b346dd4883f3af90703287d) Importer(815301076,1909f56bfc062723c751e8b465ee728b)  -> (artifact id: '023dbfa8cefdf41b06d8f73bed9055b0') in 0.011961 seconds
  Import took 0.018981 seconds .

========================================================================
Received Import Request.
  Time since last request: 82.165916 seconds.
  path: Assets/CC.asset
  artifactKey: Guid(a0348e581b346dd4883f3af90703287d) Importer(815301076,1909f56bfc062723c751e8b465ee728b)
Start importing Assets/CC.asset using Guid(a0348e581b346dd4883f3af90703287d) Importer(815301076,1909f56bfc062723c751e8b465ee728b)  -> (artifact id: '274009f637c5327240b7017006d9f4ed') in 0.013165 seconds
  Import took 0.020136 seconds .

========================================================================
Received Import Request.
  Time since last request: 0.006764 seconds.
  path: Assets/CC.asset
  artifactKey: Guid(a0348e581b346dd4883f3af90703287d) Importer(815301076,1909f56bfc062723c751e8b465ee728b)
Start importing Assets/CC.asset using Guid(a0348e581b346dd4883f3af90703287d) Importer(815301076,1909f56bfc062723c751e8b465ee728b)  -> (artifact id: '274009f637c5327240b7017006d9f4ed') in 0.011594 seconds
  Import took 0.018341 seconds .

========================================================================
Received Import Request.
  Time since last request: 7.556246 seconds.
  path: Assets/CC.asset
  artifactKey: Guid(a0348e581b346dd4883f3af90703287d) Importer(815301076,1909f56bfc062723c751e8b465ee728b)
Start importing Assets/CC.asset using Guid(a0348e581b346dd4883f3af90703287d) Importer(815301076,1909f56bfc062723c751e8b465ee728b)  -> (artifact id: '65ae539b19e1c523b52f889b583de39f') in 0.010827 seconds
  Import took 0.017793 seconds .

========================================================================
Received Import Request.
  Time since last request: 0.005709 seconds.
  path: Assets/CC.asset
  artifactKey: Guid(a0348e581b346dd4883f3af90703287d) Importer(815301076,1909f56bfc062723c751e8b465ee728b)
Start importing Assets/CC.asset using Guid(a0348e581b346dd4883f3af90703287d) Importer(815301076,1909f56bfc062723c751e8b465ee728b)  -> (artifact id: '65ae539b19e1c523b52f889b583de39f') in 0.011381 seconds
  Import took 0.018099 seconds .

========================================================================
Received Import Request.
  Time since last request: 11.197522 seconds.
  path: Assets/CC.asset
  artifactKey: Guid(a0348e581b346dd4883f3af90703287d) Importer(815301076,1909f56bfc062723c751e8b465ee728b)
Start importing Assets/CC.asset using Guid(a0348e581b346dd4883f3af90703287d) Importer(815301076,1909f56bfc062723c751e8b465ee728b)  -> (artifact id: 'dc95d2b5f50f84391e13ce40e7a19f8c') in 0.012400 seconds
  Import took 0.019937 seconds .

========================================================================
Received Import Request.
  Time since last request: 0.009895 seconds.
  path: Assets/CC.asset
  artifactKey: Guid(a0348e581b346dd4883f3af90703287d) Importer(815301076,1909f56bfc062723c751e8b465ee728b)
Start importing Assets/CC.asset using Guid(a0348e581b346dd4883f3af90703287d) Importer(815301076,1909f56bfc062723c751e8b465ee728b)  -> (artifact id: 'dc95d2b5f50f84391e13ce40e7a19f8c') in 0.011644 seconds
  Import took 0.018433 seconds .

========================================================================
Received Import Request.
  Time since last request: 63.454707 seconds.
  path: Assets/CC.asset
  artifactKey: Guid(a0348e581b346dd4883f3af90703287d) Importer(815301076,1909f56bfc062723c751e8b465ee728b)
Start importing Assets/CC.asset using Guid(a0348e581b346dd4883f3af90703287d) Importer(815301076,1909f56bfc062723c751e8b465ee728b)  -> (artifact id: 'bd65257df6c9bd59a69e4686a74b3b24') in 0.013034 seconds
  Import took 0.020380 seconds .

========================================================================
Received Import Request.
  Time since last request: 0.014698 seconds.
  path: Assets/CC.asset
  artifactKey: Guid(a0348e581b346dd4883f3af90703287d) Importer(815301076,1909f56bfc062723c751e8b465ee728b)
Start importing Assets/CC.asset using Guid(a0348e581b346dd4883f3af90703287d) Importer(815301076,1909f56bfc062723c751e8b465ee728b)  -> (artifact id: 'bd65257df6c9bd59a69e4686a74b3b24') in 0.013142 seconds
  Import took 0.020036 seconds .

========================================================================
Received Prepare
Registering precompiled user dll's ...
Registered in 0.005529 seconds.
Begin MonoManager ReloadAssembly
Native extension for WindowsStandalone target not found
Native extension for WebGL target not found
Refreshing native plugins compatible for Editor in 0.87 ms, found 0 plugins.
Preloading 0 native plugins for Editor in 0.00 ms.
Invoked RoslynAnalysisRunner static constructor.
RoslynAnalysisRunner will not be running.
RoslynAnalysisRunner has terminated.
Mono: successfully reloaded assembly
- Completed reload, in  1.802 seconds
Platform modules already initialized, skipping
Refreshing native plugins compatible for Editor in 0.89 ms, found 0 plugins.
Preloading 0 native plugins for Editor in 0.00 ms.
Unloading 2575 Unused Serialized files (Serialized files now loaded: 0)
System memory in use before: 212.9 MB.
System memory in use after: 212.7 MB.

Unloading 8 unused Assets to reduce memory usage. Loaded Objects now: 3121.
Total: 4.724300 ms (FindLiveObjects: 0.519700 ms CreateObjectMapping: 0.140200 ms MarkObjects: 3.224500 ms  DeleteObjects: 0.837600 ms)

========================================================================
Received Prepare
Registering precompiled user dll's ...
Registered in 0.004914 seconds.
Begin MonoManager ReloadAssembly
Native extension for WindowsStandalone target not found
Native extension for WebGL target not found
Refreshing native plugins compatible for Editor in 0.86 ms, found 0 plugins.
Preloading 0 native plugins for Editor in 0.00 ms.
Invoked RoslynAnalysisRunner static constructor.
RoslynAnalysisRunner will not be running.
RoslynAnalysisRunner has terminated.
Mono: successfully reloaded assembly
- Completed reload, in  1.890 seconds
Platform modules already initialized, skipping
Refreshing native plugins compatible for Editor in 1.28 ms, found 0 plugins.
Preloading 0 native plugins for Editor in 0.00 ms.
Unloading 2575 Unused Serialized files (Serialized files now loaded: 0)
System memory in use before: 212.9 MB.
System memory in use after: 212.7 MB.

Unloading 8 unused Assets to reduce memory usage. Loaded Objects now: 3123.
Total: 4.715800 ms (FindLiveObjects: 0.475000 ms CreateObjectMapping: 0.137500 ms MarkObjects: 3.303600 ms  DeleteObjects: 0.797300 ms)

========================================================================
Received Prepare
Refreshing native plugins compatible for Editor in 4.14 ms, found 0 plugins.
Preloading 0 native plugins for Editor in 0.00 ms.
Unloading 6 Unused Serialized files (Serialized files now loaded: 0)
System memory in use before: 162.2 MB.
System memory in use after: 162.1 MB.

Unloading 6 unused Assets to reduce memory usage. Loaded Objects now: 3123.
Total: 4.622800 ms (FindLiveObjects: 0.461800 ms CreateObjectMapping: 0.131900 ms MarkObjects: 3.219600 ms  DeleteObjects: 0.807700 ms)

========================================================================
Received Import Request.
  Time since last request: 592.320596 seconds.
  path: Assets/CC.asset
  artifactKey: Guid(a0348e581b346dd4883f3af90703287d) Importer(815301076,1909f56bfc062723c751e8b465ee728b)
Start importing Assets/CC.asset using Guid(a0348e581b346dd4883f3af90703287d) Importer(815301076,1909f56bfc062723c751e8b465ee728b)  -> (artifact id: 'fadaf0b18578e3a165ea1e55e0d49dfd') in 0.055958 seconds
  Import took 0.063913 seconds .

========================================================================
Received Import Request.
  Time since last request: 0.490488 seconds.
  path: Assets/CC.asset
  artifactKey: Guid(a0348e581b346dd4883f3af90703287d) Importer(815301076,1909f56bfc062723c751e8b465ee728b)
Start importing Assets/CC.asset using Guid(a0348e581b346dd4883f3af90703287d) Importer(815301076,1909f56bfc062723c751e8b465ee728b)  -> (artifact id: 'fadaf0b18578e3a165ea1e55e0d49dfd') in 0.011534 seconds
  Import took 0.018842 seconds .

AssetImportWorkerClient::OnTransportError - code=2 error=End of file
